Starting
Wed Apr 12 15:31:07 EDT 2023
Number of images per class in the training dataset:
Class Tomato___Tomato_mosaic_virus: 1790
Class Tomato___Leaf_Mold: 1882
Class Tomato___healthy: 1926
Class Tomato___Spider_mites_Two-spotted_spider_mite: 1741
Class Tomato___Septoria_leaf_spot: 1745
Class Tomato___Early_blight: 1920
Class Tomato___Target_Spot: 1827
Class Tomato___Late_blight: 1851
Class Tomato___Tomato_Yellow_Leaf_Curl_Virus: 1961
Class Tomato___Bacterial_spot: 1702
/home/tnchau/Tomato_Disease/CNN_deeper.py:156: DeprecationWarning: `np.int` is a deprecated alias for the builtin `int`. To silence this warning, use `int` by itself. Doing this will not modify any behavior and is safe. When replacing `np.int`, you may wish to use e.g. `np.int64` or `np.int32` to specify the precision. If you wish to review your current use, check the release note link for additional information.
Deprecated in NumPy 1.20; for more details and guidance: https://numpy.org/devdocs/release/1.20.0-notes.html#deprecations
  conf_matrix = np.zeros((num_classes, num_classes), dtype=np.int)
Epoch 1/10 - Loss: 2.2377 Acc: 0.1525
/home/tnchau/.conda/envs/disease_detection/lib/python3.10/site-packages/numpy/lib/function_base.py:518: RuntimeWarning: Mean of empty slice.
  avg = a.mean(axis, **keepdims_kw)
/home/tnchau/.conda/envs/disease_detection/lib/python3.10/site-packages/numpy/core/_methods.py:190: RuntimeWarning: invalid value encountered in double_scalars
  ret = ret.dtype.type(ret / rcount)
Validation - Loss: 1.8485 Acc: 0.3570 Precision: nan Recall: nan F1: nan
Confusion Matrix:
[70, 250, 12, 3, 0, 22, 1, 40, 3, 24]
[9, 345, 23, 18, 0, 18, 0, 49, 6, 12]
[2, 151, 81, 28, 5, 8, 1, 15, 94, 78]
[2, 140, 15, 135, 1, 18, 3, 54, 89, 13]
[10, 157, 10, 27, 11, 56, 0, 27, 71, 67]
[9, 117, 1, 3, 0, 191, 1, 61, 38, 14]
[21, 197, 12, 5, 3, 59, 7, 36, 26, 91]
[9, 167, 9, 10, 1, 19, 1, 200, 58, 16]
[1, 16, 1, 21, 3, 15, 0, 20, 339, 32]
[5, 145, 22, 8, 1, 33, 1, 8, 0, 258]
/home/tnchau/Tomato_Disease/CNN_deeper.py:156: DeprecationWarning: `np.int` is a deprecated alias for the builtin `int`. To silence this warning, use `int` by itself. Doing this will not modify any behavior and is safe. When replacing `np.int`, you may wish to use e.g. `np.int64` or `np.int32` to specify the precision. If you wish to review your current use, check the release note link for additional information.
Deprecated in NumPy 1.20; for more details and guidance: https://numpy.org/devdocs/release/1.20.0-notes.html#deprecations
  conf_matrix = np.zeros((num_classes, num_classes), dtype=np.int)
Epoch 2/10 - Loss: 1.5624 Acc: 0.4439
/home/tnchau/.conda/envs/disease_detection/lib/python3.10/site-packages/numpy/lib/function_base.py:518: RuntimeWarning: Mean of empty slice.
  avg = a.mean(axis, **keepdims_kw)
/home/tnchau/.conda/envs/disease_detection/lib/python3.10/site-packages/numpy/core/_methods.py:190: RuntimeWarning: invalid value encountered in double_scalars
  ret = ret.dtype.type(ret / rcount)
Validation - Loss: 1.1837 Acc: 0.5961 Precision: nan Recall: nan F1: nan
Confusion Matrix:
[315, 6, 4, 0, 2, 3, 3, 92, 0, 0]
[75, 235, 12, 11, 12, 29, 38, 62, 5, 1]
[39, 97, 85, 49, 31, 10, 24, 47, 50, 31]
[4, 26, 0, 274, 68, 14, 2, 34, 36, 12]
[30, 22, 1, 56, 153, 23, 51, 15, 61, 24]
[26, 26, 0, 6, 15, 258, 45, 18, 35, 6]
[18, 40, 0, 4, 15, 52, 220, 4, 21, 83]
[54, 6, 0, 0, 0, 8, 0, 422, 0, 0]
[0, 0, 0, 39, 13, 3, 4, 0, 385, 4]
[10, 8, 3, 10, 15, 1, 47, 0, 1, 386]
/home/tnchau/Tomato_Disease/CNN_deeper.py:156: DeprecationWarning: `np.int` is a deprecated alias for the builtin `int`. To silence this warning, use `int` by itself. Doing this will not modify any behavior and is safe. When replacing `np.int`, you may wish to use e.g. `np.int64` or `np.int32` to specify the precision. If you wish to review your current use, check the release note link for additional information.
Deprecated in NumPy 1.20; for more details and guidance: https://numpy.org/devdocs/release/1.20.0-notes.html#deprecations
  conf_matrix = np.zeros((num_classes, num_classes), dtype=np.int)
Epoch 3/10 - Loss: 1.0652 Acc: 0.6264
/home/tnchau/.conda/envs/disease_detection/lib/python3.10/site-packages/numpy/lib/function_base.py:518: RuntimeWarning: Mean of empty slice.
  avg = a.mean(axis, **keepdims_kw)
/home/tnchau/.conda/envs/disease_detection/lib/python3.10/site-packages/numpy/core/_methods.py:190: RuntimeWarning: invalid value encountered in double_scalars
  ret = ret.dtype.type(ret / rcount)
Validation - Loss: 0.8528 Acc: 0.6938 Precision: nan Recall: nan F1: nan
Confusion Matrix:
[293, 32, 18, 1, 3, 8, 3, 67, 0, 0]
[21, 238, 56, 6, 18, 46, 67, 9, 13, 6]
[3, 72, 230, 32, 41, 14, 18, 6, 14, 33]
[1, 8, 2, 332, 69, 33, 0, 3, 18, 4]
[1, 6, 1, 20, 238, 39, 24, 16, 58, 33]
[1, 3, 0, 0, 6, 318, 35, 1, 70, 1]
[1, 5, 0, 1, 6, 91, 252, 0, 28, 73]
[11, 8, 0, 6, 3, 55, 0, 405, 2, 0]
[0, 0, 0, 1, 7, 0, 1, 0, 439, 0]
[0, 4, 30, 4, 3, 0, 2, 0, 2, 436]
/home/tnchau/Tomato_Disease/CNN_deeper.py:156: DeprecationWarning: `np.int` is a deprecated alias for the builtin `int`. To silence this warning, use `int` by itself. Doing this will not modify any behavior and is safe. When replacing `np.int`, you may wish to use e.g. `np.int64` or `np.int32` to specify the precision. If you wish to review your current use, check the release note link for additional information.
Deprecated in NumPy 1.20; for more details and guidance: https://numpy.org/devdocs/release/1.20.0-notes.html#deprecations
  conf_matrix = np.zeros((num_classes, num_classes), dtype=np.int)
Epoch 4/10 - Loss: 0.7993 Acc: 0.7116
/home/tnchau/.conda/envs/disease_detection/lib/python3.10/site-packages/numpy/lib/function_base.py:518: RuntimeWarning: Mean of empty slice.
  avg = a.mean(axis, **keepdims_kw)
/home/tnchau/.conda/envs/disease_detection/lib/python3.10/site-packages/numpy/core/_methods.py:190: RuntimeWarning: invalid value encountered in double_scalars
  ret = ret.dtype.type(ret / rcount)
Validation - Loss: 0.6748 Acc: 0.7559 Precision: nan Recall: nan F1: nan
Confusion Matrix:
[387, 1, 7, 4, 0, 0, 0, 25, 0, 1]
[68, 279, 11, 22, 8, 15, 45, 13, 4, 15]
[46, 75, 181, 71, 10, 7, 12, 10, 0, 51]
[4, 8, 0, 439, 1, 7, 0, 5, 2, 4]
[2, 2, 1, 113, 205, 21, 26, 11, 34, 21]
[6, 0, 0, 20, 3, 360, 12, 11, 21, 2]
[6, 6, 0, 13, 6, 75, 284, 2, 20, 45]
[34, 4, 0, 5, 0, 11, 0, 436, 0, 0]
[0, 0, 0, 16, 6, 1, 1, 0, 424, 0]
[2, 2, 0, 6, 0, 0, 0, 0, 0, 471]
/home/tnchau/Tomato_Disease/CNN_deeper.py:156: DeprecationWarning: `np.int` is a deprecated alias for the builtin `int`. To silence this warning, use `int` by itself. Doing this will not modify any behavior and is safe. When replacing `np.int`, you may wish to use e.g. `np.int64` or `np.int32` to specify the precision. If you wish to review your current use, check the release note link for additional information.
Deprecated in NumPy 1.20; for more details and guidance: https://numpy.org/devdocs/release/1.20.0-notes.html#deprecations
  conf_matrix = np.zeros((num_classes, num_classes), dtype=np.int)
Epoch 5/10 - Loss: 0.6620 Acc: 0.7703
/home/tnchau/.conda/envs/disease_detection/lib/python3.10/site-packages/numpy/lib/function_base.py:518: RuntimeWarning: Mean of empty slice.
  avg = a.mean(axis, **keepdims_kw)
/home/tnchau/.conda/envs/disease_detection/lib/python3.10/site-packages/numpy/core/_methods.py:190: RuntimeWarning: invalid value encountered in double_scalars
  ret = ret.dtype.type(ret / rcount)
Validation - Loss: 0.5418 Acc: 0.8015 Precision: nan Recall: nan F1: nan
Confusion Matrix:
[331, 24, 15, 3, 5, 0, 0, 46, 0, 1]
[8, 346, 22, 17, 9, 19, 33, 13, 6, 7]
[5, 77, 282, 38, 5, 12, 3, 6, 0, 35]
[1, 18, 3, 424, 3, 8, 0, 4, 1, 8]
[0, 3, 5, 88, 257, 15, 13, 3, 41, 11]
[0, 0, 0, 19, 2, 394, 3, 8, 7, 2]
[3, 7, 1, 11, 9, 92, 282, 1, 26, 25]
[3, 11, 0, 10, 0, 14, 0, 452, 0, 0]
[0, 0, 0, 4, 3, 2, 0, 0, 439, 0]
[0, 2, 0, 5, 0, 0, 3, 2, 1, 468]
/home/tnchau/Tomato_Disease/CNN_deeper.py:156: DeprecationWarning: `np.int` is a deprecated alias for the builtin `int`. To silence this warning, use `int` by itself. Doing this will not modify any behavior and is safe. When replacing `np.int`, you may wish to use e.g. `np.int64` or `np.int32` to specify the precision. If you wish to review your current use, check the release note link for additional information.
Deprecated in NumPy 1.20; for more details and guidance: https://numpy.org/devdocs/release/1.20.0-notes.html#deprecations
  conf_matrix = np.zeros((num_classes, num_classes), dtype=np.int)
Epoch 6/10 - Loss: 0.5494 Acc: 0.8090
/home/tnchau/.conda/envs/disease_detection/lib/python3.10/site-packages/numpy/lib/function_base.py:518: RuntimeWarning: Mean of empty slice.
  avg = a.mean(axis, **keepdims_kw)
/home/tnchau/.conda/envs/disease_detection/lib/python3.10/site-packages/numpy/core/_methods.py:190: RuntimeWarning: invalid value encountered in double_scalars
  ret = ret.dtype.type(ret / rcount)
Validation - Loss: 0.4330 Acc: 0.8504 Precision: nan Recall: nan F1: nan
Confusion Matrix:
[411, 2, 4, 0, 2, 0, 0, 6, 0, 0]
[49, 317, 43, 4, 5, 10, 36, 9, 6, 1]
[7, 39, 373, 21, 4, 4, 5, 1, 0, 9]
[4, 21, 6, 407, 10, 13, 0, 3, 6, 0]
[2, 11, 14, 31, 271, 11, 38, 2, 52, 4]
[3, 3, 1, 3, 1, 408, 10, 1, 5, 0]
[3, 18, 1, 2, 3, 33, 370, 2, 23, 2]
[20, 4, 4, 1, 0, 17, 0, 444, 0, 0]
[0, 0, 0, 0, 0, 1, 2, 0, 445, 0]
[2, 1, 3, 4, 0, 1, 15, 0, 2, 453]
/home/tnchau/Tomato_Disease/CNN_deeper.py:156: DeprecationWarning: `np.int` is a deprecated alias for the builtin `int`. To silence this warning, use `int` by itself. Doing this will not modify any behavior and is safe. When replacing `np.int`, you may wish to use e.g. `np.int64` or `np.int32` to specify the precision. If you wish to review your current use, check the release note link for additional information.
Deprecated in NumPy 1.20; for more details and guidance: https://numpy.org/devdocs/release/1.20.0-notes.html#deprecations
  conf_matrix = np.zeros((num_classes, num_classes), dtype=np.int)
Epoch 7/10 - Loss: 0.4773 Acc: 0.8301
/home/tnchau/.conda/envs/disease_detection/lib/python3.10/site-packages/numpy/lib/function_base.py:518: RuntimeWarning: Mean of empty slice.
  avg = a.mean(axis, **keepdims_kw)
/home/tnchau/.conda/envs/disease_detection/lib/python3.10/site-packages/numpy/core/_methods.py:190: RuntimeWarning: invalid value encountered in double_scalars
  ret = ret.dtype.type(ret / rcount)
Validation - Loss: 0.4619 Acc: 0.8395 Precision: nan Recall: nan F1: nan
Confusion Matrix:
[384, 0, 5, 0, 9, 0, 2, 25, 0, 0]
[67, 191, 91, 14, 12, 7, 45, 46, 7, 0]
[9, 8, 374, 24, 23, 4, 5, 13, 1, 2]
[3, 3, 2, 401, 39, 6, 0, 12, 4, 0]
[1, 1, 6, 18, 357, 8, 23, 1, 21, 0]
[2, 0, 0, 5, 5, 384, 12, 11, 16, 0]
[3, 2, 1, 2, 18, 20, 372, 5, 26, 8]
[4, 1, 2, 1, 0, 5, 0, 477, 0, 0]
[0, 0, 0, 0, 0, 0, 0, 0, 448, 0]
[3, 0, 8, 2, 1, 0, 2, 2, 2, 461]
/home/tnchau/Tomato_Disease/CNN_deeper.py:156: DeprecationWarning: `np.int` is a deprecated alias for the builtin `int`. To silence this warning, use `int` by itself. Doing this will not modify any behavior and is safe. When replacing `np.int`, you may wish to use e.g. `np.int64` or `np.int32` to specify the precision. If you wish to review your current use, check the release note link for additional information.
Deprecated in NumPy 1.20; for more details and guidance: https://numpy.org/devdocs/release/1.20.0-notes.html#deprecations
  conf_matrix = np.zeros((num_classes, num_classes), dtype=np.int)
Epoch 8/10 - Loss: 0.4226 Acc: 0.8509
/home/tnchau/.conda/envs/disease_detection/lib/python3.10/site-packages/numpy/lib/function_base.py:518: RuntimeWarning: Mean of empty slice.
  avg = a.mean(axis, **keepdims_kw)
/home/tnchau/.conda/envs/disease_detection/lib/python3.10/site-packages/numpy/core/_methods.py:190: RuntimeWarning: invalid value encountered in double_scalars
  ret = ret.dtype.type(ret / rcount)
Validation - Loss: 0.3341 Acc: 0.8842 Precision: nan Recall: nan F1: nan
Confusion Matrix:
[388, 5, 1, 0, 3, 0, 5, 23, 0, 0]
[7, 357, 18, 18, 9, 7, 43, 16, 4, 1]
[2, 37, 370, 17, 13, 2, 11, 4, 0, 7]
[0, 9, 0, 427, 17, 11, 0, 1, 2, 3]
[1, 1, 1, 10, 361, 7, 29, 1, 25, 0]
[0, 5, 0, 3, 2, 394, 18, 1, 10, 2]
[1, 4, 0, 2, 8, 18, 395, 1, 21, 7]
[2, 3, 2, 6, 0, 14, 0, 463, 0, 0]
[0, 0, 0, 2, 9, 1, 1, 0, 435, 0]
[2, 0, 3, 0, 0, 0, 11, 0, 1, 464]
/home/tnchau/Tomato_Disease/CNN_deeper.py:156: DeprecationWarning: `np.int` is a deprecated alias for the builtin `int`. To silence this warning, use `int` by itself. Doing this will not modify any behavior and is safe. When replacing `np.int`, you may wish to use e.g. `np.int64` or `np.int32` to specify the precision. If you wish to review your current use, check the release note link for additional information.
Deprecated in NumPy 1.20; for more details and guidance: https://numpy.org/devdocs/release/1.20.0-notes.html#deprecations
  conf_matrix = np.zeros((num_classes, num_classes), dtype=np.int)
Epoch 9/10 - Loss: 0.3786 Acc: 0.8681
/home/tnchau/.conda/envs/disease_detection/lib/python3.10/site-packages/numpy/lib/function_base.py:518: RuntimeWarning: Mean of empty slice.
  avg = a.mean(axis, **keepdims_kw)
/home/tnchau/.conda/envs/disease_detection/lib/python3.10/site-packages/numpy/core/_methods.py:190: RuntimeWarning: invalid value encountered in double_scalars
  ret = ret.dtype.type(ret / rcount)
Validation - Loss: 0.3310 Acc: 0.8862 Precision: nan Recall: nan F1: nan
Confusion Matrix:
[382, 17, 5, 0, 0, 0, 5, 16, 0, 0]
[0, 390, 13, 11, 3, 8, 43, 8, 4, 0]
[0, 57, 362, 23, 3, 4, 4, 4, 0, 6]
[0, 5, 1, 450, 1, 8, 0, 3, 0, 2]
[2, 5, 3, 42, 306, 6, 24, 3, 39, 6]
[0, 1, 0, 10, 1, 400, 12, 5, 5, 1]
[1, 5, 0, 2, 1, 28, 393, 1, 17, 9]
[6, 3, 1, 4, 0, 13, 0, 463, 0, 0]
[0, 0, 0, 0, 0, 1, 0, 0, 447, 0]
[2, 1, 2, 0, 0, 0, 5, 0, 1, 470]
/home/tnchau/Tomato_Disease/CNN_deeper.py:156: DeprecationWarning: `np.int` is a deprecated alias for the builtin `int`. To silence this warning, use `int` by itself. Doing this will not modify any behavior and is safe. When replacing `np.int`, you may wish to use e.g. `np.int64` or `np.int32` to specify the precision. If you wish to review your current use, check the release note link for additional information.
Deprecated in NumPy 1.20; for more details and guidance: https://numpy.org/devdocs/release/1.20.0-notes.html#deprecations
  conf_matrix = np.zeros((num_classes, num_classes), dtype=np.int)
Epoch 10/10 - Loss: 0.3390 Acc: 0.8821
/home/tnchau/.conda/envs/disease_detection/lib/python3.10/site-packages/numpy/lib/function_base.py:518: RuntimeWarning: Mean of empty slice.
  avg = a.mean(axis, **keepdims_kw)
/home/tnchau/.conda/envs/disease_detection/lib/python3.10/site-packages/numpy/core/_methods.py:190: RuntimeWarning: invalid value encountered in double_scalars
  ret = ret.dtype.type(ret / rcount)
Validation - Loss: 0.2526 Acc: 0.9160 Precision: nan Recall: nan F1: nan
Confusion Matrix:
[396, 12, 6, 0, 1, 0, 4, 6, 0, 0]
[1, 425, 16, 1, 8, 3, 24, 1, 1, 0]
[0, 44, 399, 5, 9, 1, 1, 1, 0, 3]
[0, 15, 4, 424, 20, 6, 0, 1, 0, 0]
[1, 8, 1, 3, 388, 3, 18, 1, 13, 0]
[0, 7, 0, 2, 2, 396, 24, 1, 2, 1]
[1, 6, 1, 0, 5, 20, 404, 0, 12, 8]
[10, 16, 2, 1, 1, 12, 0, 448, 0, 0]
[0, 0, 0, 0, 2, 1, 2, 0, 443, 0]
[2, 0, 2, 0, 0, 0, 0, 0, 0, 477]

real	77m8.629s
user	1549m12.344s
sys	194m40.689s
Finished
Wed Apr 12 16:48:16 EDT 2023
