Starting
Wed Apr 12 16:48:18 EDT 2023
/home/tnchau/.conda/envs/disease_detection/lib/python3.10/site-packages/torchvision/models/_utils.py:208: UserWarning: The parameter 'pretrained' is deprecated since 0.13 and may be removed in the future, please use 'weights' instead.
  warnings.warn(
/home/tnchau/.conda/envs/disease_detection/lib/python3.10/site-packages/torchvision/models/_utils.py:223: UserWarning: Arguments other than a weight enum or `None` for 'weights' are deprecated since 0.13 and may be removed in the future. The current behavior is equivalent to passing `weights=None`.
  warnings.warn(msg)
Number of images per class in the training dataset:
Class Tomato___Tomato_mosaic_virus: 1790
Class Tomato___Leaf_Mold: 1882
Class Tomato___healthy: 1926
Class Tomato___Spider_mites_Two-spotted_spider_mite: 1741
Class Tomato___Septoria_leaf_spot: 1745
Class Tomato___Early_blight: 1920
Class Tomato___Target_Spot: 1827
Class Tomato___Late_blight: 1851
Class Tomato___Tomato_Yellow_Leaf_Curl_Virus: 1961
Class Tomato___Bacterial_spot: 1702
/home/tnchau/Tomato_Disease/VGG16_woTrain.py:128: DeprecationWarning: `np.int` is a deprecated alias for the builtin `int`. To silence this warning, use `int` by itself. Doing this will not modify any behavior and is safe. When replacing `np.int`, you may wish to use e.g. `np.int64` or `np.int32` to specify the precision. If you wish to review your current use, check the release note link for additional information.
Deprecated in NumPy 1.20; for more details and guidance: https://numpy.org/devdocs/release/1.20.0-notes.html#deprecations
  conf_matrix = np.zeros((num_classes, num_classes), dtype=np.int)
Epoch 1/10 - Loss: 1.8570 Acc: 0.3058
/home/tnchau/.conda/envs/disease_detection/lib/python3.10/site-packages/numpy/lib/function_base.py:518: RuntimeWarning: Mean of empty slice.
  avg = a.mean(axis, **keepdims_kw)
/home/tnchau/.conda/envs/disease_detection/lib/python3.10/site-packages/numpy/core/_methods.py:190: RuntimeWarning: invalid value encountered in double_scalars
  ret = ret.dtype.type(ret / rcount)
Validation - Loss: 1.2997 Acc: 0.5265 Precision: nan Recall: nan F1: nan
Confusion Matrix:
[133, 101, 1, 0, 0, 1, 1, 188, 0, 0]
[14, 368, 1, 0, 6, 28, 1, 60, 1, 1]
[10, 189, 103, 12, 14, 26, 4, 94, 9, 2]
[1, 104, 6, 152, 44, 27, 5, 92, 36, 3]
[0, 50, 3, 4, 145, 58, 51, 75, 50, 0]
[1, 53, 0, 0, 10, 325, 2, 42, 2, 0]
[0, 92, 5, 1, 3, 206, 123, 5, 21, 1]
[3, 7, 0, 0, 0, 12, 0, 468, 0, 0]
[0, 1, 1, 15, 20, 43, 6, 1, 361, 0]
[0, 34, 1, 4, 5, 12, 172, 0, 17, 236]
/home/tnchau/Tomato_Disease/VGG16_woTrain.py:128: DeprecationWarning: `np.int` is a deprecated alias for the builtin `int`. To silence this warning, use `int` by itself. Doing this will not modify any behavior and is safe. When replacing `np.int`, you may wish to use e.g. `np.int64` or `np.int32` to specify the precision. If you wish to review your current use, check the release note link for additional information.
Deprecated in NumPy 1.20; for more details and guidance: https://numpy.org/devdocs/release/1.20.0-notes.html#deprecations
  conf_matrix = np.zeros((num_classes, num_classes), dtype=np.int)
Epoch 2/10 - Loss: 0.9520 Acc: 0.6685
/home/tnchau/.conda/envs/disease_detection/lib/python3.10/site-packages/numpy/lib/function_base.py:518: RuntimeWarning: Mean of empty slice.
  avg = a.mean(axis, **keepdims_kw)
/home/tnchau/.conda/envs/disease_detection/lib/python3.10/site-packages/numpy/core/_methods.py:190: RuntimeWarning: invalid value encountered in double_scalars
  ret = ret.dtype.type(ret / rcount)
Validation - Loss: 0.9559 Acc: 0.6851 Precision: nan Recall: nan F1: nan
Confusion Matrix:
[370, 7, 5, 1, 0, 0, 0, 42, 0, 0]
[76, 310, 36, 11, 1, 15, 2, 28, 1, 0]
[36, 68, 270, 52, 0, 8, 1, 24, 2, 2]
[6, 36, 5, 392, 0, 6, 0, 16, 8, 1]
[7, 59, 32, 136, 73, 21, 33, 23, 49, 3]
[6, 26, 2, 22, 0, 346, 2, 29, 2, 0]
[4, 130, 34, 6, 1, 105, 149, 6, 18, 4]
[35, 6, 0, 1, 0, 7, 0, 441, 0, 0]
[0, 0, 1, 27, 2, 19, 4, 0, 395, 0]
[2, 7, 29, 15, 0, 12, 18, 0, 3, 395]
/home/tnchau/Tomato_Disease/VGG16_woTrain.py:128: DeprecationWarning: `np.int` is a deprecated alias for the builtin `int`. To silence this warning, use `int` by itself. Doing this will not modify any behavior and is safe. When replacing `np.int`, you may wish to use e.g. `np.int64` or `np.int32` to specify the precision. If you wish to review your current use, check the release note link for additional information.
Deprecated in NumPy 1.20; for more details and guidance: https://numpy.org/devdocs/release/1.20.0-notes.html#deprecations
  conf_matrix = np.zeros((num_classes, num_classes), dtype=np.int)
Epoch 3/10 - Loss: 0.7148 Acc: 0.7519
/home/tnchau/.conda/envs/disease_detection/lib/python3.10/site-packages/numpy/lib/function_base.py:518: RuntimeWarning: Mean of empty slice.
  avg = a.mean(axis, **keepdims_kw)
/home/tnchau/.conda/envs/disease_detection/lib/python3.10/site-packages/numpy/core/_methods.py:190: RuntimeWarning: invalid value encountered in double_scalars
  ret = ret.dtype.type(ret / rcount)
Validation - Loss: 0.5896 Acc: 0.7919 Precision: nan Recall: nan F1: nan
Confusion Matrix:
[389, 0, 1, 0, 3, 0, 1, 31, 0, 0]
[88, 223, 19, 41, 30, 7, 37, 20, 15, 0]
[36, 26, 257, 52, 57, 6, 3, 15, 4, 7]
[4, 1, 1, 408, 27, 8, 0, 8, 12, 1]
[1, 0, 0, 26, 302, 14, 19, 7, 61, 6]
[5, 1, 0, 9, 2, 354, 11, 21, 32, 0]
[6, 5, 0, 2, 9, 33, 338, 4, 50, 10]
[13, 2, 2, 2, 0, 9, 0, 462, 0, 0]
[0, 0, 0, 0, 0, 0, 0, 0, 448, 0]
[3, 0, 3, 4, 0, 0, 12, 0, 9, 450]
/home/tnchau/Tomato_Disease/VGG16_woTrain.py:128: DeprecationWarning: `np.int` is a deprecated alias for the builtin `int`. To silence this warning, use `int` by itself. Doing this will not modify any behavior and is safe. When replacing `np.int`, you may wish to use e.g. `np.int64` or `np.int32` to specify the precision. If you wish to review your current use, check the release note link for additional information.
Deprecated in NumPy 1.20; for more details and guidance: https://numpy.org/devdocs/release/1.20.0-notes.html#deprecations
  conf_matrix = np.zeros((num_classes, num_classes), dtype=np.int)
Epoch 4/10 - Loss: 0.5539 Acc: 0.8082
/home/tnchau/.conda/envs/disease_detection/lib/python3.10/site-packages/numpy/lib/function_base.py:518: RuntimeWarning: Mean of empty slice.
  avg = a.mean(axis, **keepdims_kw)
/home/tnchau/.conda/envs/disease_detection/lib/python3.10/site-packages/numpy/core/_methods.py:190: RuntimeWarning: invalid value encountered in double_scalars
  ret = ret.dtype.type(ret / rcount)
Validation - Loss: 0.5252 Acc: 0.8198 Precision: nan Recall: nan F1: nan
Confusion Matrix:
[359, 37, 9, 0, 1, 0, 7, 11, 0, 1]
[3, 361, 26, 0, 6, 29, 48, 4, 1, 2]
[0, 62, 339, 9, 4, 32, 7, 1, 1, 8]
[1, 21, 4, 357, 26, 24, 5, 3, 27, 2]
[1, 20, 5, 7, 274, 15, 82, 2, 29, 1]
[0, 1, 0, 3, 2, 405, 21, 1, 2, 0]
[0, 2, 0, 0, 1, 58, 379, 0, 11, 6]
[16, 15, 2, 0, 1, 27, 0, 429, 0, 0]
[0, 0, 0, 0, 0, 10, 15, 0, 422, 1]
[0, 3, 0, 0, 0, 2, 42, 0, 0, 434]
/home/tnchau/Tomato_Disease/VGG16_woTrain.py:128: DeprecationWarning: `np.int` is a deprecated alias for the builtin `int`. To silence this warning, use `int` by itself. Doing this will not modify any behavior and is safe. When replacing `np.int`, you may wish to use e.g. `np.int64` or `np.int32` to specify the precision. If you wish to review your current use, check the release note link for additional information.
Deprecated in NumPy 1.20; for more details and guidance: https://numpy.org/devdocs/release/1.20.0-notes.html#deprecations
  conf_matrix = np.zeros((num_classes, num_classes), dtype=np.int)
Epoch 5/10 - Loss: 0.4374 Acc: 0.8496
/home/tnchau/.conda/envs/disease_detection/lib/python3.10/site-packages/numpy/lib/function_base.py:518: RuntimeWarning: Mean of empty slice.
  avg = a.mean(axis, **keepdims_kw)
/home/tnchau/.conda/envs/disease_detection/lib/python3.10/site-packages/numpy/core/_methods.py:190: RuntimeWarning: invalid value encountered in double_scalars
  ret = ret.dtype.type(ret / rcount)
Validation - Loss: 0.3405 Acc: 0.8835 Precision: nan Recall: nan F1: nan
Confusion Matrix:
[383, 0, 0, 0, 1, 0, 2, 39, 0, 0]
[25, 387, 8, 11, 10, 5, 13, 20, 1, 0]
[6, 51, 352, 17, 8, 11, 0, 16, 1, 1]
[0, 2, 1, 451, 5, 6, 0, 3, 2, 0]
[1, 14, 0, 26, 342, 9, 3, 6, 35, 0]
[0, 4, 3, 6, 2, 394, 13, 7, 5, 1]
[1, 15, 1, 8, 10, 27, 365, 0, 26, 4]
[2, 3, 1, 1, 0, 8, 0, 475, 0, 0]
[0, 0, 0, 0, 1, 1, 0, 0, 446, 0]
[2, 0, 6, 3, 0, 0, 12, 0, 2, 456]
/home/tnchau/Tomato_Disease/VGG16_woTrain.py:128: DeprecationWarning: `np.int` is a deprecated alias for the builtin `int`. To silence this warning, use `int` by itself. Doing this will not modify any behavior and is safe. When replacing `np.int`, you may wish to use e.g. `np.int64` or `np.int32` to specify the precision. If you wish to review your current use, check the release note link for additional information.
Deprecated in NumPy 1.20; for more details and guidance: https://numpy.org/devdocs/release/1.20.0-notes.html#deprecations
  conf_matrix = np.zeros((num_classes, num_classes), dtype=np.int)
Epoch 6/10 - Loss: 0.3467 Acc: 0.8780
/home/tnchau/.conda/envs/disease_detection/lib/python3.10/site-packages/numpy/lib/function_base.py:518: RuntimeWarning: Mean of empty slice.
  avg = a.mean(axis, **keepdims_kw)
/home/tnchau/.conda/envs/disease_detection/lib/python3.10/site-packages/numpy/core/_methods.py:190: RuntimeWarning: invalid value encountered in double_scalars
  ret = ret.dtype.type(ret / rcount)
Validation - Loss: 0.3303 Acc: 0.8851 Precision: nan Recall: nan F1: nan
Confusion Matrix:
[423, 0, 0, 0, 2, 0, 0, 0, 0, 0]
[55, 357, 4, 7, 27, 4, 22, 3, 0, 1]
[19, 60, 334, 15, 24, 0, 2, 4, 0, 5]
[1, 3, 1, 441, 17, 5, 1, 0, 0, 1]
[2, 4, 1, 8, 415, 0, 1, 1, 4, 0]
[3, 3, 0, 6, 22, 385, 15, 1, 0, 0]
[4, 7, 0, 4, 16, 15, 397, 0, 12, 2]
[40, 8, 1, 1, 1, 9, 0, 430, 0, 0]
[0, 0, 0, 0, 17, 5, 0, 0, 426, 0]
[2, 0, 0, 4, 1, 0, 23, 0, 1, 450]
/home/tnchau/Tomato_Disease/VGG16_woTrain.py:128: DeprecationWarning: `np.int` is a deprecated alias for the builtin `int`. To silence this warning, use `int` by itself. Doing this will not modify any behavior and is safe. When replacing `np.int`, you may wish to use e.g. `np.int64` or `np.int32` to specify the precision. If you wish to review your current use, check the release note link for additional information.
Deprecated in NumPy 1.20; for more details and guidance: https://numpy.org/devdocs/release/1.20.0-notes.html#deprecations
  conf_matrix = np.zeros((num_classes, num_classes), dtype=np.int)
Epoch 7/10 - Loss: 0.3180 Acc: 0.8897
/home/tnchau/.conda/envs/disease_detection/lib/python3.10/site-packages/numpy/lib/function_base.py:518: RuntimeWarning: Mean of empty slice.
  avg = a.mean(axis, **keepdims_kw)
/home/tnchau/.conda/envs/disease_detection/lib/python3.10/site-packages/numpy/core/_methods.py:190: RuntimeWarning: invalid value encountered in double_scalars
  ret = ret.dtype.type(ret / rcount)
Validation - Loss: 0.2513 Acc: 0.9093 Precision: nan Recall: nan F1: nan
Confusion Matrix:
[323, 33, 6, 1, 3, 0, 1, 58, 0, 0]
[0, 417, 20, 4, 17, 6, 4, 11, 1, 0]
[0, 26, 418, 5, 5, 1, 1, 2, 0, 5]
[0, 1, 2, 444, 14, 6, 0, 2, 1, 0]
[1, 5, 4, 8, 415, 2, 0, 1, 0, 0]
[0, 0, 0, 3, 6, 405, 11, 6, 3, 1]
[0, 12, 0, 5, 10, 47, 361, 0, 15, 7]
[0, 2, 3, 0, 0, 7, 0, 478, 0, 0]
[0, 0, 0, 0, 2, 1, 1, 0, 444, 0]
[0, 0, 5, 0, 0, 0, 12, 0, 0, 464]
/home/tnchau/Tomato_Disease/VGG16_woTrain.py:128: DeprecationWarning: `np.int` is a deprecated alias for the builtin `int`. To silence this warning, use `int` by itself. Doing this will not modify any behavior and is safe. When replacing `np.int`, you may wish to use e.g. `np.int64` or `np.int32` to specify the precision. If you wish to review your current use, check the release note link for additional information.
Deprecated in NumPy 1.20; for more details and guidance: https://numpy.org/devdocs/release/1.20.0-notes.html#deprecations
  conf_matrix = np.zeros((num_classes, num_classes), dtype=np.int)
Epoch 8/10 - Loss: 0.2686 Acc: 0.9070
/home/tnchau/.conda/envs/disease_detection/lib/python3.10/site-packages/numpy/lib/function_base.py:518: RuntimeWarning: Mean of empty slice.
  avg = a.mean(axis, **keepdims_kw)
/home/tnchau/.conda/envs/disease_detection/lib/python3.10/site-packages/numpy/core/_methods.py:190: RuntimeWarning: invalid value encountered in double_scalars
  ret = ret.dtype.type(ret / rcount)
Validation - Loss: 0.2186 Acc: 0.9252 Precision: nan Recall: nan F1: nan
Confusion Matrix:
[405, 9, 7, 0, 0, 0, 2, 2, 0, 0]
[4, 408, 34, 1, 13, 1, 12, 5, 2, 0]
[3, 18, 431, 3, 4, 1, 0, 1, 0, 2]
[0, 2, 12, 439, 16, 1, 0, 0, 0, 0]
[1, 5, 2, 10, 414, 0, 2, 1, 1, 0]
[0, 1, 3, 4, 7, 375, 34, 2, 7, 2]
[0, 2, 2, 3, 11, 16, 395, 0, 11, 17]
[8, 7, 4, 1, 0, 6, 1, 463, 0, 0]
[0, 0, 0, 0, 7, 0, 3, 0, 438, 0]
[4, 0, 3, 0, 0, 0, 0, 0, 0, 474]
/home/tnchau/Tomato_Disease/VGG16_woTrain.py:128: DeprecationWarning: `np.int` is a deprecated alias for the builtin `int`. To silence this warning, use `int` by itself. Doing this will not modify any behavior and is safe. When replacing `np.int`, you may wish to use e.g. `np.int64` or `np.int32` to specify the precision. If you wish to review your current use, check the release note link for additional information.
Deprecated in NumPy 1.20; for more details and guidance: https://numpy.org/devdocs/release/1.20.0-notes.html#deprecations
  conf_matrix = np.zeros((num_classes, num_classes), dtype=np.int)
Epoch 9/10 - Loss: 0.2326 Acc: 0.9193
/home/tnchau/.conda/envs/disease_detection/lib/python3.10/site-packages/numpy/lib/function_base.py:518: RuntimeWarning: Mean of empty slice.
  avg = a.mean(axis, **keepdims_kw)
/home/tnchau/.conda/envs/disease_detection/lib/python3.10/site-packages/numpy/core/_methods.py:190: RuntimeWarning: invalid value encountered in double_scalars
  ret = ret.dtype.type(ret / rcount)
Validation - Loss: 0.1653 Acc: 0.9424 Precision: nan Recall: nan F1: nan
Confusion Matrix:
[411, 5, 3, 0, 0, 0, 1, 5, 0, 0]
[3, 425, 17, 1, 8, 5, 6, 14, 1, 0]
[3, 13, 425, 6, 4, 1, 0, 9, 0, 2]
[0, 1, 2, 459, 3, 2, 0, 3, 0, 0]
[1, 6, 6, 6, 404, 2, 2, 4, 5, 0]
[0, 1, 0, 8, 2, 410, 5, 6, 2, 1]
[2, 3, 0, 3, 4, 35, 385, 3, 12, 10]
[4, 2, 2, 0, 0, 2, 0, 480, 0, 0]
[0, 0, 0, 0, 0, 0, 1, 0, 447, 0]
[2, 0, 2, 0, 0, 0, 2, 0, 0, 475]
/home/tnchau/Tomato_Disease/VGG16_woTrain.py:128: DeprecationWarning: `np.int` is a deprecated alias for the builtin `int`. To silence this warning, use `int` by itself. Doing this will not modify any behavior and is safe. When replacing `np.int`, you may wish to use e.g. `np.int64` or `np.int32` to specify the precision. If you wish to review your current use, check the release note link for additional information.
Deprecated in NumPy 1.20; for more details and guidance: https://numpy.org/devdocs/release/1.20.0-notes.html#deprecations
  conf_matrix = np.zeros((num_classes, num_classes), dtype=np.int)
Epoch 10/10 - Loss: 0.2107 Acc: 0.9266
/home/tnchau/.conda/envs/disease_detection/lib/python3.10/site-packages/numpy/lib/function_base.py:518: RuntimeWarning: Mean of empty slice.
  avg = a.mean(axis, **keepdims_kw)
/home/tnchau/.conda/envs/disease_detection/lib/python3.10/site-packages/numpy/core/_methods.py:190: RuntimeWarning: invalid value encountered in double_scalars
  ret = ret.dtype.type(ret / rcount)
Validation - Loss: 0.1977 Acc: 0.9293 Precision: nan Recall: nan F1: nan
Confusion Matrix:
[412, 6, 3, 0, 0, 0, 3, 1, 0, 0]
[2, 421, 36, 4, 5, 5, 3, 4, 0, 0]
[8, 11, 437, 2, 1, 1, 0, 1, 0, 2]
[0, 2, 6, 421, 38, 3, 0, 0, 0, 0]
[2, 15, 5, 1, 407, 0, 2, 1, 3, 0]
[0, 0, 0, 2, 5, 416, 10, 1, 0, 1]
[0, 23, 2, 2, 8, 24, 382, 0, 6, 10]
[12, 6, 1, 0, 0, 7, 0, 464, 0, 0]
[0, 1, 0, 0, 4, 1, 5, 0, 437, 0]
[4, 0, 1, 0, 1, 2, 9, 0, 0, 464]

real	238m3.627s
user	5852m43.223s
sys	430m15.748s
Finished
Wed Apr 12 20:46:21 EDT 2023
